[2025-02-21 22:30:03,366 - test.py:16, Function: my_function] INFO - hello was printed
[2025-02-21 22:31:04,114 - test.py:16, Function: my_function] INFO - hello was printed
[2025-02-21 22:31:11,026 - test.py:16, Function: my_function] INFO - hello was printed
[2025-02-21 22:47:05,455 - test.py:16, Function: my_function] CRITICAL - hello was printed
[2025-02-21 22:47:18,972 - test.py:16, Function: my_function] WARNING - hello was printed[2025-02-21 23:18:43,631 - systeminfo_my_version.py:35, Function: __init__] WARNING - hello was printed
[2025-02-21 23:18:57,801 - systeminfo_my_version.py:35, Function: __init__] WARNING - hello was printed
[2025-02-21 23:20:45,355 - systeminfo_my_version.py:39, Function: get_os_info] INFO - obtaining os info
[2025-02-21 23:24:19,898 - systeminfo_my_version.py:38, Function: get_os_info] INFO - obtaining os info
[2025-02-21 23:24:19,898 - systeminfo_my_version.py:44, Function: get_cpu_info] INFO - obtaining cpu info
[2025-02-21 23:24:20,899 - systeminfo_my_version.py:51, Function: get_memory_info] INFO - obtaining memory info
[2025-02-21 23:24:20,899 - systeminfo_my_version.py:51, Function: get_memory_info] INFO - obtaining memory info
[2025-02-21 23:24:20,900 - systeminfo_my_version.py:51, Function: get_memory_info] INFO - obtaining memory info
[2025-02-21 23:24:20,900 - systeminfo_my_version.py:59, Function: get_hd_info] INFO - obtaining hd info
[2025-02-21 23:24:20,901 - systeminfo_my_version.py:77, Function: get_time_info] INFO - obtaining time info
[2025-02-21 23:24:20,901 - systeminfo_my_version.py:77, Function: get_time_info] INFO - obtaining time info
[2025-02-21 23:24:20,901 - systeminfo_my_version.py:98, Function: display_system_info] INFO - dictionary was created
[2025-02-21 23:42:53,836 - systeminfo_my_version.py:27, Function: get_os_info] INFO - obtaining os info
[2025-02-21 23:42:53,836 - systeminfo_my_version.py:33, Function: get_cpu_info] INFO - obtaining cpu info
[2025-02-21 23:42:54,839 - systeminfo_my_version.py:40, Function: get_memory_info] INFO - obtaining memory info
[2025-02-21 23:42:54,840 - systeminfo_my_version.py:40, Function: get_memory_info] INFO - obtaining memory info
[2025-02-21 23:42:54,840 - systeminfo_my_version.py:40, Function: get_memory_info] INFO - obtaining memory info
[2025-02-21 23:42:54,840 - systeminfo_my_version.py:48, Function: get_hd_info] INFO - obtaining hd info
[2025-02-21 23:42:54,842 - systeminfo_my_version.py:66, Function: get_time_info] INFO - obtaining time info
[2025-02-21 23:42:54,842 - systeminfo_my_version.py:66, Function: get_time_info] INFO - obtaining time info
[2025-02-21 23:42:54,843 - systeminfo_my_version.py:87, Function: display_system_info] INFO - dictionary was created
[2025-02-21 23:45:38,737 - systeminfo_my_version.py:29, Function: get_os_info] INFO - obtaining os info
[2025-02-21 23:45:38,738 - systeminfo_my_version.py:35, Function: get_cpu_info] INFO - obtaining cpu info
[2025-02-21 23:45:39,739 - systeminfo_my_version.py:42, Function: get_memory_info] INFO - obtaining memory info
[2025-02-21 23:45:39,739 - systeminfo_my_version.py:42, Function: get_memory_info] INFO - obtaining memory info
[2025-02-21 23:45:39,739 - systeminfo_my_version.py:42, Function: get_memory_info] INFO - obtaining memory info
[2025-02-21 23:45:39,739 - systeminfo_my_version.py:50, Function: get_hd_info] INFO - obtaining hd info
[2025-02-21 23:45:39,740 - systeminfo_my_version.py:68, Function: get_time_info] INFO - obtaining time info
[2025-02-21 23:45:39,740 - systeminfo_my_version.py:68, Function: get_time_info] INFO - obtaining time info
[2025-02-21 23:45:39,740 - systeminfo_my_version.py:89, Function: display_system_info] INFO - dictionary was created
[2025-02-21 23:47:58,956 - systeminfo_my_version.py:30, Function: get_os_info] INFO - obtaining os info
[2025-02-21 23:47:58,957 - systeminfo_my_version.py:36, Function: get_cpu_info] INFO - obtaining cpu info
[2025-02-21 23:47:59,960 - systeminfo_my_version.py:43, Function: get_memory_info] INFO - obtaining memory info
[2025-02-21 23:47:59,960 - systeminfo_my_version.py:43, Function: get_memory_info] INFO - obtaining memory info
[2025-02-21 23:47:59,961 - systeminfo_my_version.py:43, Function: get_memory_info] INFO - obtaining memory info
[2025-02-21 23:47:59,961 - systeminfo_my_version.py:51, Function: get_hd_info] INFO - obtaining hd info
[2025-02-21 23:47:59,962 - systeminfo_my_version.py:69, Function: get_time_info] INFO - obtaining time info
[2025-02-21 23:47:59,962 - systeminfo_my_version.py:69, Function: get_time_info] INFO - obtaining time info
[2025-02-21 23:47:59,962 - systeminfo_my_version.py:90, Function: display_system_info] INFO - dictionary was created
[2025-02-21 23:48:14,087 - systeminfo_my_version.py:30, Function: get_os_info] INFO - obtaining os info
[2025-02-21 23:48:14,087 - systeminfo_my_version.py:36, Function: get_cpu_info] INFO - obtaining cpu info
[2025-02-21 23:48:15,087 - systeminfo_my_version.py:43, Function: get_memory_info] INFO - obtaining memory info
[2025-02-21 23:48:15,088 - systeminfo_my_version.py:43, Function: get_memory_info] INFO - obtaining memory info
[2025-02-21 23:48:15,088 - systeminfo_my_version.py:43, Function: get_memory_info] INFO - obtaining memory info
[2025-02-21 23:48:15,088 - systeminfo_my_version.py:51, Function: get_hd_info] INFO - obtaining hd info
[2025-02-21 23:48:15,088 - systeminfo_my_version.py:69, Function: get_time_info] INFO - obtaining time info
[2025-02-21 23:48:15,088 - systeminfo_my_version.py:69, Function: get_time_info] INFO - obtaining time info
[2025-02-21 23:48:15,089 - systeminfo_my_version.py:90, Function: display_system_info] INFO - dictionary was created
[2025-02-21 23:49:19,005 - systeminfo_my_version.py:30, Function: get_os_info] INFO - obtaining os info
[2025-02-21 23:49:19,006 - systeminfo_my_version.py:36, Function: get_cpu_info] INFO - obtaining cpu info
[2025-02-21 23:49:20,008 - systeminfo_my_version.py:43, Function: get_memory_info] INFO - obtaining memory info
[2025-02-21 23:49:20,009 - systeminfo_my_version.py:43, Function: get_memory_info] INFO - obtaining memory info
[2025-02-21 23:49:20,009 - systeminfo_my_version.py:43, Function: get_memory_info] INFO - obtaining memory info
[2025-02-21 23:49:20,009 - systeminfo_my_version.py:51, Function: get_hd_info] INFO - obtaining hd info
[2025-02-21 23:49:20,010 - systeminfo_my_version.py:69, Function: get_time_info] INFO - obtaining time info
[2025-02-21 23:49:20,011 - systeminfo_my_version.py:69, Function: get_time_info] INFO - obtaining time info
[2025-02-21 23:49:20,011 - systeminfo_my_version.py:90, Function: display_system_info] INFO - dictionary was created
[2025-02-21 23:52:12,606 - systeminfo_my_version.py:31, Function: get_os_info] INFO - obtaining os info
[2025-02-21 23:52:12,606 - systeminfo_my_version.py:37, Function: get_cpu_info] INFO - obtaining cpu info
[2025-02-21 23:52:13,607 - systeminfo_my_version.py:44, Function: get_memory_info] INFO - obtaining memory info
[2025-02-21 23:52:13,607 - systeminfo_my_version.py:44, Function: get_memory_info] INFO - obtaining memory info
[2025-02-21 23:52:13,607 - systeminfo_my_version.py:44, Function: get_memory_info] INFO - obtaining memory info
[2025-02-21 23:52:13,607 - systeminfo_my_version.py:52, Function: get_hd_info] INFO - obtaining hd info
[2025-02-21 23:52:13,608 - systeminfo_my_version.py:70, Function: get_time_info] INFO - obtaining time info
[2025-02-21 23:52:13,608 - systeminfo_my_version.py:70, Function: get_time_info] INFO - obtaining time info
[2025-02-21 23:52:13,608 - systeminfo_my_version.py:91, Function: display_system_info] INFO - dictionary was created
[2025-02-21 23:52:37,535 - systeminfo_my_version.py:31, Function: get_os_info] INFO - obtaining os info
[2025-02-21 23:52:37,535 - systeminfo_my_version.py:37, Function: get_cpu_info] INFO - obtaining cpu info
[2025-02-21 23:52:38,537 - systeminfo_my_version.py:44, Function: get_memory_info] INFO - obtaining memory info
[2025-02-21 23:52:38,538 - systeminfo_my_version.py:44, Function: get_memory_info] INFO - obtaining memory info
[2025-02-21 23:52:38,538 - systeminfo_my_version.py:44, Function: get_memory_info] INFO - obtaining memory info
[2025-02-21 23:52:38,539 - systeminfo_my_version.py:52, Function: get_hd_info] INFO - obtaining hd info
[2025-02-21 23:52:38,540 - systeminfo_my_version.py:70, Function: get_time_info] INFO - obtaining time info
[2025-02-21 23:52:38,540 - systeminfo_my_version.py:70, Function: get_time_info] INFO - obtaining time info
[2025-02-21 23:52:38,540 - systeminfo_my_version.py:91, Function: display_system_info] INFO - dictionary was created
[2025-02-21 23:54:29,513 - systeminfo_my_version.py:30, Function: get_os_info] INFO - obtaining os info
[2025-02-21 23:54:29,516 - systeminfo_my_version.py:36, Function: get_cpu_info] INFO - obtaining cpu info
[2025-02-21 23:54:30,520 - systeminfo_my_version.py:43, Function: get_memory_info] INFO - obtaining memory info
[2025-02-21 23:54:30,520 - systeminfo_my_version.py:43, Function: get_memory_info] INFO - obtaining memory info
[2025-02-21 23:54:30,520 - systeminfo_my_version.py:43, Function: get_memory_info] INFO - obtaining memory info
[2025-02-21 23:54:30,520 - systeminfo_my_version.py:51, Function: get_hd_info] INFO - obtaining hd info
[2025-02-21 23:54:30,521 - systeminfo_my_version.py:69, Function: get_time_info] INFO - obtaining time info
[2025-02-21 23:54:30,521 - systeminfo_my_version.py:69, Function: get_time_info] INFO - obtaining time info
[2025-02-21 23:54:30,521 - systeminfo_my_version.py:90, Function: display_system_info] INFO - dictionary was created
